{"C:\\Projects\\preot.md-fr\\src\\store\\modules\\auth.js": {"path":"C:\\Projects\\preot.md-fr\\src\\store\\modules\\auth.js","statementMap":{"0":{"start":{"line":9,"column":12},"end":{"line":9,"column":37}},"1":{"start":{"line":12,"column":12},"end":{"line":12,"column":33}},"2":{"start":{"line":17,"column":12},"end":{"line":17,"column":53}},"3":{"start":{"line":18,"column":12},"end":{"line":18,"column":53}},"4":{"start":{"line":21,"column":12},"end":{"line":21,"column":49}},"5":{"start":{"line":22,"column":12},"end":{"line":22,"column":54}},"6":{"start":{"line":27,"column":12},"end":{"line":27,"column":41}},"7":{"start":{"line":30,"column":12},"end":{"line":30,"column":37}}},"fnMap":{"0":{"name":"(anonymous_0)","decl":{"start":{"line":8,"column":8},"end":{"line":8,"column":9}},"loc":{"start":{"line":8,"column":31},"end":{"line":10,"column":9}},"line":8},"1":{"name":"(anonymous_1)","decl":{"start":{"line":11,"column":8},"end":{"line":11,"column":9}},"loc":{"start":{"line":11,"column":27},"end":{"line":13,"column":9}},"line":11},"2":{"name":"(anonymous_2)","decl":{"start":{"line":16,"column":8},"end":{"line":16,"column":9}},"loc":{"start":{"line":16,"column":33},"end":{"line":19,"column":9}},"line":16},"3":{"name":"(anonymous_3)","decl":{"start":{"line":20,"column":8},"end":{"line":20,"column":9}},"loc":{"start":{"line":20,"column":22},"end":{"line":23,"column":9}},"line":20},"4":{"name":"(anonymous_4)","decl":{"start":{"line":26,"column":8},"end":{"line":26,"column":9}},"loc":{"start":{"line":26,"column":43},"end":{"line":28,"column":9}},"line":26},"5":{"name":"(anonymous_5)","decl":{"start":{"line":29,"column":8},"end":{"line":29,"column":9}},"loc":{"start":{"line":29,"column":39},"end":{"line":31,"column":9}},"line":29}},"branchMap":{},"s":{"0":3,"1":3,"2":1,"3":1,"4":1,"5":1,"6":2,"7":2},"f":{"0":3,"1":3,"2":1,"3":1,"4":2,"5":2},"b":{},"_coverageSchema":"43e27e138ebf9cfc5966b082cf9a028302ed4184","hash":"06ae700ad230238ddde754303ef5280de7d549e9"}
,"C:\\Projects\\preot.md-fr\\src\\store\\modules\\categories.js": {"path":"C:\\Projects\\preot.md-fr\\src\\store\\modules\\categories.js","statementMap":{"0":{"start":{"line":3,"column":21},"end":{"line":6,"column":1}},"1":{"start":{"line":15,"column":28},"end":{"line":15,"column":38}},"2":{"start":{"line":16,"column":33},"end":{"line":16,"column":48}},"3":{"start":{"line":20,"column":12},"end":{"line":20,"column":44}},"4":{"start":{"line":22,"column":25},"end":{"line":22,"column":42}},"5":{"start":{"line":23,"column":12},"end":{"line":23,"column":41}},"6":{"start":{"line":25,"column":12},"end":{"line":25,"column":41}},"7":{"start":{"line":26,"column":12},"end":{"line":26,"column":45}},"8":{"start":{"line":31,"column":12},"end":{"line":31,"column":32}},"9":{"start":{"line":34,"column":12},"end":{"line":34,"column":37}}},"fnMap":{"0":{"name":"(anonymous_0)","decl":{"start":{"line":15,"column":17},"end":{"line":15,"column":18}},"loc":{"start":{"line":15,"column":28},"end":{"line":15,"column":38}},"line":15},"1":{"name":"(anonymous_1)","decl":{"start":{"line":16,"column":22},"end":{"line":16,"column":23}},"loc":{"start":{"line":16,"column":33},"end":{"line":16,"column":48}},"line":16},"2":{"name":"(anonymous_2)","decl":{"start":{"line":19,"column":8},"end":{"line":19,"column":9}},"loc":{"start":{"line":19,"column":30},"end":{"line":27,"column":9}},"line":19},"3":{"name":"(anonymous_3)","decl":{"start":{"line":30,"column":8},"end":{"line":30,"column":9}},"loc":{"start":{"line":30,"column":35},"end":{"line":32,"column":9}},"line":30},"4":{"name":"(anonymous_4)","decl":{"start":{"line":33,"column":8},"end":{"line":33,"column":9}},"loc":{"start":{"line":33,"column":40},"end":{"line":35,"column":9}},"line":33}},"branchMap":{},"s":{"0":1,"1":2,"2":3,"3":1,"4":1,"5":1,"6":1,"7":1,"8":1,"9":3},"f":{"0":2,"1":3,"2":1,"3":1,"4":3},"b":{},"_coverageSchema":"43e27e138ebf9cfc5966b082cf9a028302ed4184","hash":"38ce635d3a2cb872c50e72dbf285547a92981bf6"}
,"C:\\Projects\\preot.md-fr\\src\\store\\modules\\item.js": {"path":"C:\\Projects\\preot.md-fr\\src\\store\\modules\\item.js","statementMap":{"0":{"start":{"line":3,"column":21},"end":{"line":6,"column":1}},"1":{"start":{"line":16,"column":12},"end":{"line":16,"column":35}},"2":{"start":{"line":18,"column":29},"end":{"line":18,"column":33}},"3":{"start":{"line":22,"column":12},"end":{"line":22,"column":50}},"4":{"start":{"line":24,"column":23},"end":{"line":24,"column":50}},"5":{"start":{"line":25,"column":12},"end":{"line":25,"column":36}},"6":{"start":{"line":27,"column":12},"end":{"line":27,"column":45}},"7":{"start":{"line":28,"column":12},"end":{"line":28,"column":51}},"8":{"start":{"line":33,"column":12},"end":{"line":33,"column":37}},"9":{"start":{"line":36,"column":12},"end":{"line":36,"column":32}}},"fnMap":{"0":{"name":"(anonymous_0)","decl":{"start":{"line":15,"column":8},"end":{"line":15,"column":9}},"loc":{"start":{"line":15,"column":28},"end":{"line":17,"column":9}},"line":15},"1":{"name":"(anonymous_1)","decl":{"start":{"line":18,"column":17},"end":{"line":18,"column":18}},"loc":{"start":{"line":18,"column":29},"end":{"line":18,"column":33}},"line":18},"2":{"name":"(anonymous_2)","decl":{"start":{"line":21,"column":8},"end":{"line":21,"column":9}},"loc":{"start":{"line":21,"column":39},"end":{"line":29,"column":9}},"line":21},"3":{"name":"(anonymous_3)","decl":{"start":{"line":32,"column":8},"end":{"line":32,"column":9}},"loc":{"start":{"line":32,"column":40},"end":{"line":34,"column":9}},"line":32},"4":{"name":"(anonymous_4)","decl":{"start":{"line":35,"column":8},"end":{"line":35,"column":9}},"loc":{"start":{"line":35,"column":35},"end":{"line":37,"column":9}},"line":35}},"branchMap":{},"s":{"0":1,"1":3,"2":2,"3":1,"4":1,"5":1,"6":1,"7":1,"8":3,"9":1},"f":{"0":3,"1":2,"2":1,"3":3,"4":1},"b":{},"_coverageSchema":"43e27e138ebf9cfc5966b082cf9a028302ed4184","hash":"dd82f9091623175ce19b40e82b9ef2b2a9465c96"}
,"C:\\Projects\\preot.md-fr\\src\\store\\modules\\products.js": {"path":"C:\\Projects\\preot.md-fr\\src\\store\\modules\\products.js","statementMap":{"0":{"start":{"line":4,"column":21},"end":{"line":10,"column":1}},"1":{"start":{"line":16,"column":28},"end":{"line":16,"column":38}},"2":{"start":{"line":17,"column":33},"end":{"line":17,"column":48}},"3":{"start":{"line":18,"column":41},"end":{"line":18,"column":72}},"4":{"start":{"line":19,"column":39},"end":{"line":19,"column":60}},"5":{"start":{"line":20,"column":31},"end":{"line":20,"column":44}},"6":{"start":{"line":24,"column":12},"end":{"line":24,"column":50}},"7":{"start":{"line":26,"column":27},"end":{"line":26,"column":57}},"8":{"start":{"line":27,"column":25},"end":{"line":27,"column":65}},"9":{"start":{"line":29,"column":27},"end":{"line":29,"column":48}},"10":{"start":{"line":30,"column":12},"end":{"line":30,"column":45}},"11":{"start":{"line":32,"column":12},"end":{"line":32,"column":79}},"12":{"start":{"line":34,"column":12},"end":{"line":38,"column":13}},"13":{"start":{"line":35,"column":16},"end":{"line":35,"column":56}},"14":{"start":{"line":37,"column":16},"end":{"line":37,"column":53}},"15":{"start":{"line":39,"column":12},"end":{"line":39,"column":51}},"16":{"start":{"line":42,"column":12},"end":{"line":42,"column":56}},"17":{"start":{"line":44,"column":27},"end":{"line":44,"column":52}},"18":{"start":{"line":46,"column":12},"end":{"line":46,"column":66}},"19":{"start":{"line":47,"column":12},"end":{"line":47,"column":57}},"20":{"start":{"line":50,"column":12},"end":{"line":50,"column":47}},"21":{"start":{"line":55,"column":12},"end":{"line":55,"column":33}},"22":{"start":{"line":58,"column":12},"end":{"line":58,"column":38}},"23":{"start":{"line":61,"column":12},"end":{"line":61,"column":52}},"24":{"start":{"line":64,"column":12},"end":{"line":64,"column":44}},"25":{"start":{"line":67,"column":12},"end":{"line":67,"column":35}},"26":{"start":{"line":70,"column":12},"end":{"line":70,"column":36}}},"fnMap":{"0":{"name":"(anonymous_0)","decl":{"start":{"line":16,"column":17},"end":{"line":16,"column":18}},"loc":{"start":{"line":16,"column":28},"end":{"line":16,"column":38}},"line":16},"1":{"name":"(anonymous_1)","decl":{"start":{"line":17,"column":22},"end":{"line":17,"column":23}},"loc":{"start":{"line":17,"column":33},"end":{"line":17,"column":48}},"line":17},"2":{"name":"(anonymous_2)","decl":{"start":{"line":18,"column":30},"end":{"line":18,"column":31}},"loc":{"start":{"line":18,"column":41},"end":{"line":18,"column":72}},"line":18},"3":{"name":"(anonymous_3)","decl":{"start":{"line":19,"column":28},"end":{"line":19,"column":29}},"loc":{"start":{"line":19,"column":39},"end":{"line":19,"column":60}},"line":19},"4":{"name":"(anonymous_4)","decl":{"start":{"line":20,"column":20},"end":{"line":20,"column":21}},"loc":{"start":{"line":20,"column":31},"end":{"line":20,"column":44}},"line":20},"5":{"name":"(anonymous_5)","decl":{"start":{"line":23,"column":8},"end":{"line":23,"column":9}},"loc":{"start":{"line":23,"column":48},"end":{"line":40,"column":9}},"line":23},"6":{"name":"(anonymous_6)","decl":{"start":{"line":41,"column":8},"end":{"line":41,"column":9}},"loc":{"start":{"line":41,"column":45},"end":{"line":48,"column":9}},"line":41},"7":{"name":"(anonymous_7)","decl":{"start":{"line":49,"column":8},"end":{"line":49,"column":9}},"loc":{"start":{"line":49,"column":26},"end":{"line":51,"column":9}},"line":49},"8":{"name":"(anonymous_8)","decl":{"start":{"line":54,"column":8},"end":{"line":54,"column":9}},"loc":{"start":{"line":54,"column":35},"end":{"line":56,"column":9}},"line":54},"9":{"name":"(anonymous_9)","decl":{"start":{"line":57,"column":8},"end":{"line":57,"column":9}},"loc":{"start":{"line":57,"column":40},"end":{"line":59,"column":9}},"line":57},"10":{"name":"(anonymous_10)","decl":{"start":{"line":60,"column":8},"end":{"line":60,"column":9}},"loc":{"start":{"line":60,"column":38},"end":{"line":62,"column":9}},"line":60},"11":{"name":"(anonymous_11)","decl":{"start":{"line":63,"column":8},"end":{"line":63,"column":9}},"loc":{"start":{"line":63,"column":46},"end":{"line":65,"column":9}},"line":63},"12":{"name":"(anonymous_12)","decl":{"start":{"line":66,"column":8},"end":{"line":66,"column":9}},"loc":{"start":{"line":66,"column":41},"end":{"line":68,"column":9}},"line":66},"13":{"name":"(anonymous_13)","decl":{"start":{"line":69,"column":8},"end":{"line":69,"column":9}},"loc":{"start":{"line":69,"column":38},"end":{"line":71,"column":9}},"line":69}},"branchMap":{"0":{"loc":{"start":{"line":18,"column":41},"end":{"line":18,"column":72}},"type":"binary-expr","locations":[{"start":{"line":18,"column":41},"end":{"line":18,"column":66}},{"start":{"line":18,"column":70},"end":{"line":18,"column":72}}],"line":18},"1":{"loc":{"start":{"line":26,"column":27},"end":{"line":26,"column":57}},"type":"cond-expr","locations":[{"start":{"line":26,"column":48},"end":{"line":26,"column":51}},{"start":{"line":26,"column":54},"end":{"line":26,"column":57}}],"line":26},"2":{"loc":{"start":{"line":34,"column":12},"end":{"line":38,"column":13}},"type":"if","locations":[{"start":{"line":34,"column":12},"end":{"line":38,"column":13}},{"start":{"line":34,"column":12},"end":{"line":38,"column":13}}],"line":34}},"s":{"0":1,"1":3,"2":3,"3":3,"4":3,"5":1,"6":2,"7":2,"8":2,"9":2,"10":2,"11":2,"12":2,"13":1,"14":1,"15":2,"16":1,"17":1,"18":1,"19":1,"20":1,"21":2,"22":5,"23":1,"24":3,"25":2,"26":1},"f":{"0":3,"1":3,"2":3,"3":3,"4":1,"5":2,"6":1,"7":1,"8":2,"9":5,"10":1,"11":3,"12":2,"13":1},"b":{"0":[3,2],"1":[1,1],"2":[1,1]},"_coverageSchema":"43e27e138ebf9cfc5966b082cf9a028302ed4184","hash":"59f3b008d7dae0540b0af6154fb5174709761125"}
,"C:\\Projects\\preot.md-fr\\src\\store\\modules\\productsHistory.js": {"path":"C:\\Projects\\preot.md-fr\\src\\store\\modules\\productsHistory.js","statementMap":{"0":{"start":{"line":1,"column":21},"end":{"line":3,"column":1}},"1":{"start":{"line":18,"column":12},"end":{"line":32,"column":13}},"2":{"start":{"line":19,"column":30},"end":{"line":19,"column":40}},"3":{"start":{"line":20,"column":34},"end":{"line":20,"column":105}},"4":{"start":{"line":21,"column":32},"end":{"line":21,"column":69}},"5":{"start":{"line":23,"column":16},"end":{"line":29,"column":17}},"6":{"start":{"line":24,"column":20},"end":{"line":26,"column":21}},"7":{"start":{"line":25,"column":24},"end":{"line":25,"column":45}},"8":{"start":{"line":28,"column":20},"end":{"line":28,"column":41}},"9":{"start":{"line":30,"column":16},"end":{"line":30,"column":38}},"10":{"start":{"line":31,"column":16},"end":{"line":31,"column":60}}},"fnMap":{"0":{"name":"(anonymous_0)","decl":{"start":{"line":17,"column":8},"end":{"line":17,"column":9}},"loc":{"start":{"line":17,"column":36},"end":{"line":33,"column":9}},"line":17}},"branchMap":{"0":{"loc":{"start":{"line":21,"column":32},"end":{"line":21,"column":69}},"type":"binary-expr","locations":[{"start":{"line":21,"column":32},"end":{"line":21,"column":63}},{"start":{"line":21,"column":67},"end":{"line":21,"column":69}}],"line":21},"1":{"loc":{"start":{"line":23,"column":16},"end":{"line":29,"column":17}},"type":"if","locations":[{"start":{"line":23,"column":16},"end":{"line":29,"column":17}},{"start":{"line":23,"column":16},"end":{"line":29,"column":17}}],"line":23},"2":{"loc":{"start":{"line":24,"column":20},"end":{"line":26,"column":21}},"type":"if","locations":[{"start":{"line":24,"column":20},"end":{"line":26,"column":21}},{"start":{"line":24,"column":20},"end":{"line":26,"column":21}}],"line":24}},"s":{"0":1,"1":3,"2":3,"3":3,"4":3,"5":3,"6":2,"7":1,"8":1,"9":3,"10":3},"f":{"0":3},"b":{"0":[3,1],"1":[2,1],"2":[1,1]},"_coverageSchema":"43e27e138ebf9cfc5966b082cf9a028302ed4184","hash":"c9b7e5ef8c9c3049db66187d3d8b2eb99ddf40a7"}
,"C:\\Projects\\preot.md-fr\\src\\store\\modules\\settings.js": {"path":"C:\\Projects\\preot.md-fr\\src\\store\\modules\\settings.js","statementMap":{"0":{"start":{"line":7,"column":41},"end":{"line":7,"column":64}},"1":{"start":{"line":14,"column":12},"end":{"line":14,"column":46}}},"fnMap":{"0":{"name":"(anonymous_0)","decl":{"start":{"line":7,"column":30},"end":{"line":7,"column":31}},"loc":{"start":{"line":7,"column":41},"end":{"line":7,"column":64}},"line":7},"1":{"name":"(anonymous_1)","decl":{"start":{"line":13,"column":8},"end":{"line":13,"column":9}},"loc":{"start":{"line":13,"column":42},"end":{"line":15,"column":9}},"line":13}},"branchMap":{},"s":{"0":2,"1":1},"f":{"0":2,"1":1},"b":{},"_coverageSchema":"43e27e138ebf9cfc5966b082cf9a028302ed4184","hash":"871294fcd4f6af5736e783ee3a84d26d5f87df94"}
}
