{"C:\\Projects\\preot.md-fr\\src\\api\\999.js": {"path":"C:\\Projects\\preot.md-fr\\src\\api\\999.js","statementMap":{"0":{"start":{"line":3,"column":25},"end":{"line":8,"column":1}},"1":{"start":{"line":4,"column":29},"end":{"line":4,"column":71}},"2":{"start":{"line":5,"column":33},"end":{"line":5,"column":72}},"3":{"start":{"line":6,"column":22},"end":{"line":6,"column":43}},"4":{"start":{"line":7,"column":20},"end":{"line":7,"column":53}}},"fnMap":{"0":{"name":"(anonymous_0)","decl":{"start":{"line":4,"column":17},"end":{"line":4,"column":18}},"loc":{"start":{"line":4,"column":29},"end":{"line":4,"column":71}},"line":4},"1":{"name":"(anonymous_1)","decl":{"start":{"line":5,"column":17},"end":{"line":5,"column":18}},"loc":{"start":{"line":5,"column":33},"end":{"line":5,"column":72}},"line":5},"2":{"name":"(anonymous_2)","decl":{"start":{"line":6,"column":16},"end":{"line":6,"column":17}},"loc":{"start":{"line":6,"column":22},"end":{"line":6,"column":43}},"line":6},"3":{"name":"(anonymous_3)","decl":{"start":{"line":7,"column":10},"end":{"line":7,"column":11}},"loc":{"start":{"line":7,"column":20},"end":{"line":7,"column":53}},"line":7}},"branchMap":{},"s":{"0":1,"1":0,"2":0,"3":0,"4":1},"f":{"0":0,"1":0,"2":0,"3":1},"b":{},"_coverageSchema":"43e27e138ebf9cfc5966b082cf9a028302ed4184","hash":"da2deae190aa1d18ea291c5a2842596f0a3171e6"}
,"C:\\Projects\\preot.md-fr\\src\\api\\api.js": {"path":"C:\\Projects\\preot.md-fr\\src\\api\\api.js","statementMap":{},"fnMap":{},"branchMap":{},"s":{},"f":{},"b":{},"_coverageSchema":"43e27e138ebf9cfc5966b082cf9a028302ed4184","hash":"93b8e272d24e04b1fe9507cc878ae88e96bd3ee0"}
,"C:\\Projects\\preot.md-fr\\src\\store\\modules\\item.js": {"path":"C:\\Projects\\preot.md-fr\\src\\store\\modules\\item.js","statementMap":{"0":{"start":{"line":11,"column":12},"end":{"line":11,"column":35}},"1":{"start":{"line":13,"column":29},"end":{"line":13,"column":33}},"2":{"start":{"line":17,"column":12},"end":{"line":17,"column":50}},"3":{"start":{"line":19,"column":23},"end":{"line":19,"column":55}},"4":{"start":{"line":20,"column":12},"end":{"line":20,"column":36}},"5":{"start":{"line":22,"column":12},"end":{"line":22,"column":29}},"6":{"start":{"line":24,"column":12},"end":{"line":24,"column":45}},"7":{"start":{"line":25,"column":12},"end":{"line":25,"column":51}},"8":{"start":{"line":30,"column":12},"end":{"line":30,"column":37}},"9":{"start":{"line":33,"column":12},"end":{"line":33,"column":32}}},"fnMap":{"0":{"name":"(anonymous_0)","decl":{"start":{"line":10,"column":8},"end":{"line":10,"column":9}},"loc":{"start":{"line":10,"column":28},"end":{"line":12,"column":9}},"line":10},"1":{"name":"(anonymous_1)","decl":{"start":{"line":13,"column":17},"end":{"line":13,"column":18}},"loc":{"start":{"line":13,"column":29},"end":{"line":13,"column":33}},"line":13},"2":{"name":"(anonymous_2)","decl":{"start":{"line":16,"column":8},"end":{"line":16,"column":9}},"loc":{"start":{"line":16,"column":39},"end":{"line":26,"column":9}},"line":16},"3":{"name":"(anonymous_3)","decl":{"start":{"line":29,"column":8},"end":{"line":29,"column":9}},"loc":{"start":{"line":29,"column":40},"end":{"line":31,"column":9}},"line":29},"4":{"name":"(anonymous_4)","decl":{"start":{"line":32,"column":8},"end":{"line":32,"column":9}},"loc":{"start":{"line":32,"column":35},"end":{"line":34,"column":9}},"line":32}},"branchMap":{},"s":{"0":1,"1":2,"2":1,"3":1,"4":1,"5":1,"6":1,"7":1,"8":2,"9":1},"f":{"0":1,"1":2,"2":1,"3":2,"4":1},"b":{},"_coverageSchema":"43e27e138ebf9cfc5966b082cf9a028302ed4184","hash":"9995aeba9fd8f973fdae0d10456446f97db4a770"}
}
