TN:
SF:C:\Projects\preot.md-fr\src\store\modules\auth.js
FN:8,(anonymous_0)
FN:11,(anonymous_1)
FN:16,(anonymous_2)
FN:20,(anonymous_3)
FN:26,(anonymous_4)
FN:29,(anonymous_5)
FNF:6
FNH:6
FNDA:3,(anonymous_0)
FNDA:3,(anonymous_1)
FNDA:1,(anonymous_2)
FNDA:1,(anonymous_3)
FNDA:2,(anonymous_4)
FNDA:2,(anonymous_5)
DA:9,3
DA:12,3
DA:17,1
DA:18,1
DA:21,1
DA:22,1
DA:27,2
DA:30,2
LF:8
LH:8
BRF:0
BRH:0
end_of_record
TN:
SF:C:\Projects\preot.md-fr\src\store\modules\categories.js
FN:15,(anonymous_0)
FN:16,(anonymous_1)
FN:19,(anonymous_2)
FN:30,(anonymous_3)
FN:33,(anonymous_4)
FNF:5
FNH:5
FNDA:2,(anonymous_0)
FNDA:3,(anonymous_1)
FNDA:1,(anonymous_2)
FNDA:1,(anonymous_3)
FNDA:3,(anonymous_4)
DA:3,1
DA:15,2
DA:16,3
DA:20,1
DA:22,1
DA:23,1
DA:25,1
DA:26,1
DA:31,1
DA:34,3
LF:10
LH:10
BRF:0
BRH:0
end_of_record
TN:
SF:C:\Projects\preot.md-fr\src\store\modules\item.js
FN:15,(anonymous_0)
FN:18,(anonymous_1)
FN:21,(anonymous_2)
FN:32,(anonymous_3)
FN:35,(anonymous_4)
FNF:5
FNH:5
FNDA:3,(anonymous_0)
FNDA:2,(anonymous_1)
FNDA:1,(anonymous_2)
FNDA:3,(anonymous_3)
FNDA:1,(anonymous_4)
DA:3,1
DA:16,3
DA:18,2
DA:22,1
DA:24,1
DA:25,1
DA:27,1
DA:28,1
DA:33,3
DA:36,1
LF:10
LH:10
BRF:0
BRH:0
end_of_record
TN:
SF:C:\Projects\preot.md-fr\src\store\modules\products.js
FN:16,(anonymous_0)
FN:17,(anonymous_1)
FN:18,(anonymous_2)
FN:19,(anonymous_3)
FN:20,(anonymous_4)
FN:23,(anonymous_5)
FN:41,(anonymous_6)
FN:49,(anonymous_7)
FN:54,(anonymous_8)
FN:57,(anonymous_9)
FN:60,(anonymous_10)
FN:63,(anonymous_11)
FN:66,(anonymous_12)
FN:69,(anonymous_13)
FNF:14
FNH:14
FNDA:3,(anonymous_0)
FNDA:3,(anonymous_1)
FNDA:3,(anonymous_2)
FNDA:3,(anonymous_3)
FNDA:1,(anonymous_4)
FNDA:2,(anonymous_5)
FNDA:1,(anonymous_6)
FNDA:1,(anonymous_7)
FNDA:2,(anonymous_8)
FNDA:5,(anonymous_9)
FNDA:1,(anonymous_10)
FNDA:3,(anonymous_11)
FNDA:2,(anonymous_12)
FNDA:1,(anonymous_13)
DA:4,1
DA:16,3
DA:17,3
DA:18,3
DA:19,3
DA:20,1
DA:24,2
DA:26,2
DA:27,2
DA:29,2
DA:30,2
DA:32,2
DA:34,2
DA:35,1
DA:37,1
DA:39,2
DA:42,1
DA:44,1
DA:46,1
DA:47,1
DA:50,1
DA:55,2
DA:58,5
DA:61,1
DA:64,3
DA:67,2
DA:70,1
LF:27
LH:27
BRDA:18,0,0,3
BRDA:18,0,1,2
BRDA:26,1,0,1
BRDA:26,1,1,1
BRDA:34,2,0,1
BRDA:34,2,1,1
BRF:6
BRH:6
end_of_record
TN:
SF:C:\Projects\preot.md-fr\src\store\modules\productsHistory.js
FN:17,(anonymous_0)
FNF:1
FNH:1
FNDA:3,(anonymous_0)
DA:1,1
DA:18,3
DA:19,3
DA:20,3
DA:21,3
DA:23,3
DA:24,2
DA:25,1
DA:28,1
DA:30,3
DA:31,3
LF:11
LH:11
BRDA:21,0,0,3
BRDA:21,0,1,1
BRDA:23,1,0,2
BRDA:23,1,1,1
BRDA:24,2,0,1
BRDA:24,2,1,1
BRF:6
BRH:6
end_of_record
TN:
SF:C:\Projects\preot.md-fr\src\store\modules\settings.js
FN:7,(anonymous_0)
FN:13,(anonymous_1)
FNF:2
FNH:2
FNDA:2,(anonymous_0)
FNDA:1,(anonymous_1)
DA:7,2
DA:14,1
LF:2
LH:2
BRF:0
BRH:0
end_of_record
